0 info it worked if it ends with ok
1 verbose cli [ 'C:\\Program Files (x86)\\nodejs\\node.exe',
1 verbose cli   'C:\\Program Files (x86)\\nodejs\\node_modules\\npm\\bin\\npm-cli.js',
1 verbose cli   'start' ]
2 info using npm@3.3.12
3 info using node@v5.5.0
4 verbose run-script [ 'prestart', 'start', 'poststart' ]
5 info lifecycle node-auth@1.0.0~prestart: node-auth@1.0.0
6 silly lifecycle node-auth@1.0.0~prestart: no script for prestart, continuing
7 info lifecycle node-auth@1.0.0~start: node-auth@1.0.0
8 verbose lifecycle node-auth@1.0.0~start: unsafe-perm in lifecycle true
9 verbose lifecycle node-auth@1.0.0~start: PATH: C:\Program Files (x86)\nodejs\node_modules\npm\bin\node-gyp-bin;D:\Tester\Node\10\node-auth\node_modules\.bin;C:\Program Files (x86)\PC Connectivity Solution\;C:\Windows\system32;C:\Windows;C:\Windows\System32\Wbem;C:\Windows\System32\WindowsPowerShell\v1.0\;C:\Program Files (x86)\Microsoft SQL Server\80\Tools\Binn\;C:\Program Files (x86)\Microsoft SQL Server\90\DTS\Binn\;C:\Program Files (x86)\Microsoft SQL Server\90\Tools\binn\;C:\Program Files (x86)\Microsoft SQL Server\90\Tools\Binn\VSShell\Common7\IDE\;C:\Program Files (x86)\Microsoft Visual Studio 8\Common7\IDE\PrivateAssemblies\;C:\Program Files (x86)\CodeSmith\v5.0\;C:\Program Files (x86)\Microsoft ASP.NET\ASP.NET Web Pages\v1.0\;C:\Program Files\Microsoft SQL Server\90\DTS\Binn\;D:\installer\java\apache-tomcat-7.0.29-windows-x86\apache-tomcat-7.0.29\bin;C:\Program Files (x86)\MySQL\MySQL Server 5.5\bin;C:\Program Files\TortoiseSVN\bin;C:\Java\jdk1.6\bin;C:\Java\jre6\bin;C:\Program Files (x86)\QuickTime\QTSystem\;C:\php\;C:\ProgramData\ComposerSetup\bin;C:\Program Files (x86)\Git\cmd;C:\Program Files (x86)\ruby-2.2.2-i386-mingw32\bin;C:\Program Files (x86)\Koala\rubygems\gems\sass-3.4.9\bin;C:\Users\asus\AppData\Roaming\npm;C:\Program Files (x86)\nodejs\;C:\Program Files (x86)\Heroku\bin;C:\RailsInstaller\Git\cmd;C:\RailsInstaller\Ruby2.1.0\bin;C:\Program Files (x86)\Java\jdk1.6.0\bin\;C:\Program Files (x86)\MySQL\MySQL Server 5.5\bin\;\D:\installer\java\jboss-as-7.1.1.Final\jboss-as-7.1.1.Final\bin;C:\Program Files (x86)\CVSNT\
10 verbose lifecycle node-auth@1.0.0~start: CWD: D:\Tester\Node\10\node-auth
11 silly lifecycle node-auth@1.0.0~start: Args: [ '/d /s /c', 'node ./bin/www' ]
12 silly lifecycle node-auth@1.0.0~start: Returned: code: 1  signal: null
13 info lifecycle node-auth@1.0.0~start: Failed to exec start script
14 verbose stack Error: node-auth@1.0.0 start: `node ./bin/www`
14 verbose stack Exit status 1
14 verbose stack     at EventEmitter.<anonymous> (C:\Program Files (x86)\nodejs\node_modules\npm\lib\utils\lifecycle.js:232:16)
14 verbose stack     at emitTwo (events.js:100:13)
14 verbose stack     at EventEmitter.emit (events.js:185:7)
14 verbose stack     at ChildProcess.<anonymous> (C:\Program Files (x86)\nodejs\node_modules\npm\lib\utils\spawn.js:24:14)
14 verbose stack     at emitTwo (events.js:100:13)
14 verbose stack     at ChildProcess.emit (events.js:185:7)
14 verbose stack     at maybeClose (internal/child_process.js:821:16)
14 verbose stack     at Process.ChildProcess._handle.onexit (internal/child_process.js:211:5)
15 verbose pkgid node-auth@1.0.0
16 verbose cwd D:\Tester\Node\10\node-auth
17 error Windows_NT 6.1.7601
18 error argv "C:\\Program Files (x86)\\nodejs\\node.exe" "C:\\Program Files (x86)\\nodejs\\node_modules\\npm\\bin\\npm-cli.js" "start"
19 error node v5.5.0
20 error npm  v3.3.12
21 error code ELIFECYCLE
22 error node-auth@1.0.0 start: `node ./bin/www`
22 error Exit status 1
23 error Failed at the node-auth@1.0.0 start script 'node ./bin/www'.
23 error Make sure you have the latest version of node.js and npm installed.
23 error If you do, this is most likely a problem with the node-auth package,
23 error not with npm itself.
23 error Tell the author that this fails on your system:
23 error     node ./bin/www
23 error You can get their info via:
23 error     npm owner ls node-auth
23 error There is likely additional logging output above.
24 verbose exit [ 1, true ]
